<?xml version="1.0" encoding="UTF-8"?>
<!-- Generated by org.testng.reporters.JUnitReportReporter -->
<testsuite skipped="0" hostname="Mariams-MacBook-Pro.local" name="testpack.TestOne" tests="2" failures="0" timestamp="05 Dec 2018 02:07:24 GMT" time="0.022" errors="0">
  <testcase name="Test" time="0.013" classname="testpack.TestOne"/>
  <testcase name="TestTwo" time="0.009" classname="testpack.TestOne"/>
</testsuite> <!-- testpack.TestOne -->
