<?xml version="1.0" encoding="UTF-8"?>
<!-- Generated by org.testng.reporters.JUnitReportReporter -->
<testsuite skipped="0" hostname="Mariams-MacBook-Pro.local" name="com.udemy.TestCases.VerifyLogin" tests="1" failures="0" timestamp="18 Mar 2019 19:47:10 GMT" time="10.088" errors="0">
  <testcase name="validLogin" time="10.088" classname="com.udemy.TestCases.VerifyLogin"/>
</testsuite> <!-- com.udemy.TestCases.VerifyLogin -->
