<?xml version="1.0" encoding="UTF-8"?>
<!-- Generated by org.testng.reporters.JUnitReportReporter -->
<testsuite skipped="0" hostname="Mariams-MacBook-Pro.local" name="mavendemo.AppTest" tests="1" failures="0" timestamp="2019-03-30T16:51:32 EDT" time="0.007" errors="0">
  <testcase name="pp" time="0.007" classname="mavendemo.AppTest"/>
</testsuite> <!-- mavendemo.AppTest -->
