<?xml version="1.0" encoding="UTF-8"?>
<!-- Generated by org.testng.reporters.JUnitReportReporter -->
<testsuite skipped="0" hostname="Mariams-MacBook-Pro.local" name="testpack.Test2" tests="1" failures="0" timestamp="10 Dec 2018 16:34:11 GMT" time="0.002" errors="0">
  <testcase name="MobileLoginHome" time="0.002" classname="testpack.Test2"/>
</testsuite> <!-- testpack.Test2 -->
