<?xml version="1.0" encoding="UTF-8"?>
<!-- Generated by org.testng.reporters.JUnitReportReporter -->
<testsuite skipped="0" hostname="Mariams-MacBook-Pro.local" name="testpack.TestOne" tests="4" failures="0" timestamp="10 Dec 2018 16:34:11 GMT" time="0.017" errors="0">
  <testcase name="LoginApi" time="0.003" classname="testpack.TestOne"/>
  <testcase name="Hel" time="0.007" classname="testpack.TestOne"/>
  <testcase name="WebLogin" time="0.003" classname="testpack.TestOne"/>
  <testcase name="MobileLogin" time="0.004" classname="testpack.TestOne"/>
</testsuite> <!-- testpack.TestOne -->
