<?xml version="1.0" encoding="UTF-8"?>
<!-- Generated by org.testng.reporters.JUnitReportReporter -->
<testsuite skipped="0" hostname="Mariams-MacBook-Pro.local" name="testNG.TestOne" tests="2" failures="0" timestamp="31 Mar 2019 16:01:40 GMT" time="0.013" errors="0">
  <testcase name="Mobilelogggg" time="0.002" classname="testNG.TestOne"/>
  <testcase name="Apidemo" time="0.011" classname="testNG.TestOne"/>
</testsuite> <!-- testNG.TestOne -->
