<?xml version="1.0" encoding="UTF-8"?>
<!-- Generated by org.testng.reporters.JUnitReportReporter -->
<testsuite skipped="0" hostname="Mariams-MacBook-Pro.local" name="testNG.TestThree" tests="3" failures="0" timestamp="31 Mar 2019 15:39:52 GMT" time="0.005" errors="0">
  <testcase name="Apilogout" time="0.001" classname="testNG.TestThree"/>
  <testcase name="Mobileloggiiinnn" time="0.001" classname="testNG.TestThree"/>
  <testcase name="Mobilelogin" time="0.003" classname="testNG.TestThree"/>
</testsuite> <!-- testNG.TestThree -->
